0 info it worked if it ends with ok
1 verbose cli [ '/usr/local/Cellar/node/5.9.0/bin/node',
1 verbose cli   '/usr/local/bin/npm',
1 verbose cli   'start' ]
2 info using npm@3.7.3
3 info using node@v5.9.0
4 verbose run-script [ 'prestart', 'start', 'poststart' ]
5 info lifecycle aframe-boilerplate@0.0.0~prestart: aframe-boilerplate@0.0.0
6 silly lifecycle aframe-boilerplate@0.0.0~prestart: no script for prestart, continuing
7 info lifecycle aframe-boilerplate@0.0.0~start: aframe-boilerplate@0.0.0
8 verbose lifecycle aframe-boilerplate@0.0.0~start: unsafe-perm in lifecycle true
9 verbose lifecycle aframe-boilerplate@0.0.0~start: PATH: /usr/local/lib/node_modules/npm/bin/node-gyp-bin:/Users/C109283748/WDI/Code/project4/project4/node_modules/.bin:/usr/local/Cellar/node/5.9.0/bin:/Users/C109283748/.rbenv/shims:/Users/C109283748/.rbenv/bin:/usr/local/bin:/usr/bin:/bin:/usr/sbin:/sbin:/opt/X11/bin:/Applications/Postgres.app/Contents/Versions/9.5/bin
10 verbose lifecycle aframe-boilerplate@0.0.0~start: CWD: /Users/C109283748/WDI/Code/project4/project4
11 silly lifecycle aframe-boilerplate@0.0.0~start: Args: [ '-c', 'budo --live --verbose --port 3000 --open' ]
12 info lifecycle aframe-boilerplate@0.0.0~start: Failed to exec start script
13 verbose stack Error: aframe-boilerplate@0.0.0 start: `budo --live --verbose --port 3000 --open`
13 verbose stack spawn ENOENT
13 verbose stack     at ChildProcess.<anonymous> (/usr/local/lib/node_modules/npm/lib/utils/spawn.js:17:16)
13 verbose stack     at emitTwo (events.js:100:13)
13 verbose stack     at ChildProcess.emit (events.js:185:7)
13 verbose stack     at maybeClose (internal/child_process.js:850:16)
13 verbose stack     at Process.ChildProcess._handle.onexit (internal/child_process.js:215:5)
14 verbose pkgid aframe-boilerplate@0.0.0
15 verbose cwd /Users/C109283748/WDI/Code/project4/project4
16 error Darwin 15.5.0
17 error argv "/usr/local/Cellar/node/5.9.0/bin/node" "/usr/local/bin/npm" "start"
18 error node v5.9.0
19 error npm  v3.7.3
20 error file sh
21 error code ELIFECYCLE
22 error errno ENOENT
23 error syscall spawn
24 error aframe-boilerplate@0.0.0 start: `budo --live --verbose --port 3000 --open`
24 error spawn ENOENT
25 error Failed at the aframe-boilerplate@0.0.0 start script 'budo --live --verbose --port 3000 --open'.
25 error Make sure you have the latest version of node.js and npm installed.
25 error If you do, this is most likely a problem with the aframe-boilerplate package,
25 error not with npm itself.
25 error Tell the author that this fails on your system:
25 error     budo --live --verbose --port 3000 --open
25 error You can get information on how to open an issue for this project with:
25 error     npm bugs aframe-boilerplate
25 error Or if that isn't available, you can get their info via:
25 error     npm owner ls aframe-boilerplate
25 error There is likely additional logging output above.
26 verbose exit [ 1, true ]
